<?xml version="1.0" encoding="utf-8"?><testsuites name="pytest tests"><testsuite name="pytest" errors="0" failures="0" skipped="0" tests="5" time="2.567" timestamp="2026-05-10T23:25:35.992899+03:00" hostname="stefan-Thin-A15-B7VF"><testcase classname="tests.test_main" name="test_is_placeholder_url_true" time="0.001" /><testcase classname="tests.test_main" name="test_is_placeholder_url_false" time="0.001" /><testcase classname="tests.test_main" name="test_is_url_accessible_head_ok" time="0.001" /><testcase classname="tests.test_main" name="test_is_url_accessible_head_405_then_get" time="0.001" /><testcase classname="tests.test_main" name="test_is_url_accessible_redirects_to_homepage" time="0.001" /></testsuite></testsuites>